<?xml version="1.0" encoding="UTF-8"?>
<!-- Generated by org.testng.reporters.JUnitReportReporter -->
<testsuite hostname="t5bvdiw10dv2-01" failures="0" tests="1" name="com.trgr.quality.maf.tests.ReportOfAllTestSuitesFrmJenkins" time="5.560" errors="0" timestamp="16 Nov 2020 23:18:32 GMT">
  <testcase classname="com.trgr.quality.maf.tests.ReportOfAllTestSuitesFrmJenkins" name="summaryOfAllSuites" time="5.560"/>
</testsuite> <!-- com.trgr.quality.maf.tests.ReportOfAllTestSuitesFrmJenkins -->
