<?xml version="1.0" encoding="UTF-8"?>
<!-- Generated by org.testng.reporters.JUnitReportReporter -->
<testsuite hostname="TR-JDGMXY2" failures="0" tests="5" name="com.trgr.quality.maf.tests.ForeignCurrencyTest" time="248.973" errors="0" timestamp="2020-12-16T14:31:27 ART" skipped="0">
  <testcase classname="com.trgr.quality.maf.tests.ForeignCurrencyTest" name="displayOfForeignCurrencyandCheckForNoResultsMsg" time="13.575"/>
  <system-out/>
  <testcase classname="com.trgr.quality.maf.tests.ForeignCurrencyTest" name="refreshSearchandclearDataValidations" time="38.407"/>
  <system-out/>
  <testcase classname="com.trgr.quality.maf.tests.ForeignCurrencyTest" name="searchWithInOnSearchResults" time="58.187"/>
  <system-out/>
  <testcase classname="com.trgr.quality.maf.tests.ForeignCurrencyTest" name="searchUsingAllFields" time="59.009"/>
  <system-out/>
  <testcase classname="com.trgr.quality.maf.tests.ForeignCurrencyTest" name="newSearchandclearDataValidations" time="79.795"/>
  <system-out/>
</testsuite> <!-- com.trgr.quality.maf.tests.ForeignCurrencyTest -->
