<?xml version="1.0" encoding="UTF-8"?>
<!-- Generated by org.testng.reporters.JUnitReportReporter -->
<testsuite hostname="TR-JDGMXY2" failures="0" tests="3" name="com.trgr.quality.maf.tests.DoctrineSearchTest" time="153.408" errors="0" timestamp="2020-12-17T18:51:41 ART" skipped="0">
  <testcase classname="com.trgr.quality.maf.tests.DoctrineSearchTest" name="searchDoctrineusingThematicAuthorTitleandFreeword" time="39.307"/>
  <system-out/>
  <testcase classname="com.trgr.quality.maf.tests.DoctrineSearchTest" name="searchDoctrineUsingAuthorandTitle" time="88.009"/>
  <system-out/>
  <testcase classname="com.trgr.quality.maf.tests.DoctrineSearchTest" name="searchDoctrineAndVerifySearchwithin" time="26.092"/>
  <system-out/>
</testsuite> <!-- com.trgr.quality.maf.tests.DoctrineSearchTest -->
