<?xml version="1.0" encoding="UTF-8"?>
<!-- Generated by org.testng.reporters.JUnitReportReporter -->
<testsuite hostname="TR-JDGMXY2" failures="0" tests="3" name="com.trgr.quality.maf.tests.DocValidationFromSearchResultsTest" time="106.599" errors="0" timestamp="30 Oct 2020 11:46:23 GMT">
  <testcase classname="com.trgr.quality.maf.tests.DocValidationFromSearchResultsTest" name="improvedRankingForLegislationSearch" time="41.139"/>
  <testcase classname="com.trgr.quality.maf.tests.DocValidationFromSearchResultsTest" name="improvedRankingForDoctrineSearch" time="20.780"/>
  <testcase classname="com.trgr.quality.maf.tests.DocValidationFromSearchResultsTest" name="OfficialFormsResultList" time="44.680"/>
</testsuite> <!-- com.trgr.quality.maf.tests.DocValidationFromSearchResultsTest -->
