<?xml version="1.0" encoding="UTF-8"?>
<!-- Generated by org.testng.reporters.JUnitReportReporter -->
<testsuite hostname="TR-JDGMXY2" failures="0" tests="10" name="com.trgr.quality.maf.tests.LoginTest" time="715.397" errors="0" timestamp="2021-02-26T07:14:28 ART" skipped="0">
  <testcase classname="com.trgr.quality.maf.tests.LoginTest" name="loginWithValidAndInvalidCredentials" time="213.055"/>
  <system-out/>
  <testcase classname="com.trgr.quality.maf.tests.LoginTest" name="loginWithClientID" time="57.998"/>
  <system-out/>
  <testcase classname="com.trgr.quality.maf.tests.LoginTest" name="LoginScreenDesignForFirstTimeUser" time="6.717"/>
  <system-out/>
  <testcase classname="com.trgr.quality.maf.tests.LoginTest" name="loginUsingSaveUserNameAndPwd" time="109.993"/>
  <system-out/>
  <testcase classname="com.trgr.quality.maf.tests.LoginTest" name="KnowtheServiceLink" time="51.140"/>
  <system-out/>
  <testcase classname="com.trgr.quality.maf.tests.LoginTest" name="FrequentQuestionsLink" time="55.161"/>
  <system-out/>
  <testcase classname="com.trgr.quality.maf.tests.LoginTest" name="LoginScreenDesignForAnyUser" time="51.439"/>
  <system-out/>
  <testcase classname="com.trgr.quality.maf.tests.LoginTest" name="GoToHomeFromServicesPage" time="51.225"/>
  <system-out/>
  <testcase classname="com.trgr.quality.maf.tests.LoginTest" name="CustomerServicePortlet" time="50.987"/>
  <system-out/>
  <testcase classname="com.trgr.quality.maf.tests.LoginTest" name="LoginwithSaveUnamePwdUnchecked" time="67.682"/>
  <system-out/>
</testsuite> <!-- com.trgr.quality.maf.tests.LoginTest -->
