<?xml version="1.0" encoding="UTF-8"?>
<!-- Generated by org.testng.reporters.JUnitReportReporter -->
<testsuite hostname="TR-JDGMXY2" failures="0" tests="3" name="com.trgr.quality.maf.tests.PublicTitlesTest" time="127.958" errors="0" timestamp="2020-12-16T14:31:27 ART" skipped="0">
  <testcase classname="com.trgr.quality.maf.tests.PublicTitlesTest" name="searchWithInOnSearchResults" time="22.518"/>
  <system-out/>
  <testcase classname="com.trgr.quality.maf.tests.PublicTitlesTest" name="newAndModifySearchLinkValidations" time="39.460"/>
  <system-out/>
  <testcase classname="com.trgr.quality.maf.tests.PublicTitlesTest" name="basicFeaturesAndSearchUsingAllFields" time="65.980"/>
  <system-out/>
</testsuite> <!-- com.trgr.quality.maf.tests.PublicTitlesTest -->
