<?xml version="1.0" encoding="UTF-8"?>
<!-- Generated by org.testng.reporters.JUnitReportReporter -->
<testsuite hostname="TR-JDGMXY2" failures="0" tests="2" name="com.trgr.quality.maf.tests.JurisprudenceSearchTest" time="183.851" errors="0" timestamp="2020-12-16T14:31:27 ART" skipped="0">
  <testcase classname="com.trgr.quality.maf.tests.JurisprudenceSearchTest" name="searchJurisprudenceUsingThematicAndFreeword" time="147.050"/>
  <system-out/>
  <testcase classname="com.trgr.quality.maf.tests.JurisprudenceSearchTest" name="searchJurisprudenceUsingPartiesCitaOnlineCourt" time="36.801"/>
  <system-out/>
</testsuite> <!-- com.trgr.quality.maf.tests.JurisprudenceSearchTest -->
