<?xml version="1.0" encoding="UTF-8"?>
<!-- Generated by org.testng.reporters.JUnitReportReporter -->
<testsuite hostname="TR-JDGMXY2" failures="0" tests="1" name="com.trgr.quality.maf.tests.XMLParamModifierTest" time="6.598" errors="1" timestamp="24 Nov 2020 20:00:44 GMT">
  <testcase classname="com.trgr.quality.maf.tests.XMLParamModifierTest" name="XMLParamModifierTest" time="6.598">
    <error message="The markup declarations contained or pointed to by the document type declaration must be well-formed." type="org.xml.sax.SAXParseException">
      <![CDATA[org.xml.sax.SAXParseException; systemId: http://testng.org/testng-1.0.dtd; lineNumber: 1; columnNumber: 2; The markup declarations contained or pointed to by the document type declaration must be well-formed.
	at org.apache.xerces.parsers.DOMParser.parse(Unknown Source)
	at org.apache.xerces.jaxp.DocumentBuilderImpl.parse(Unknown Source)
	at java.xml/javax.xml.parsers.DocumentBuilder.parse(DocumentBuilder.java:178)
	at com.trgr.quality.maf.commonutils.XMLAttributeModifier.CheckXMLAttributeAndModifyQCSuites(XMLAttributeModifier.java:65)
	at com.trgr.quality.maf.tests.XMLParamModifierTest.XMLParamModifierTest(XMLParamModifierTest.java:19)
	at java.base/jdk.internal.reflect.NativeMethodAccessorImpl.invoke0(Native Method)
	at java.base/jdk.internal.reflect.NativeMethodAccessorImpl.invoke(NativeMethodAccessorImpl.java:62)
	at java.base/jdk.internal.reflect.DelegatingMethodAccessorImpl.invoke(DelegatingMethodAccessorImpl.java:43)
	at java.base/java.lang.reflect.Method.invoke(Method.java:564)
	at org.testng.internal.MethodInvocationHelper.invokeMethod(MethodInvocationHelper.java:86)
	at org.testng.internal.Invoker.invokeMethod(Invoker.java:643)
	at org.testng.internal.Invoker.invokeTestMethod(Invoker.java:820)
	at org.testng.internal.Invoker.invokeTestMethods(Invoker.java:1128)
	at org.testng.internal.TestMethodWorker.invokeTestMethods(TestMethodWorker.java:129)
	at org.testng.internal.TestMethodWorker.run(TestMethodWorker.java:112)
	at org.testng.TestRunner.privateRun(TestRunner.java:782)
	at org.testng.TestRunner.run(TestRunner.java:632)
	at org.testng.SuiteRunner.runTest(SuiteRunner.java:366)
	at org.testng.SuiteRunner.runSequentially(SuiteRunner.java:361)
	at org.testng.SuiteRunner.privateRun(SuiteRunner.java:319)
	at org.testng.SuiteRunner.run(SuiteRunner.java:268)
	at org.testng.SuiteRunnerWorker.runSuite(SuiteRunnerWorker.java:52)
	at org.testng.SuiteRunnerWorker.run(SuiteRunnerWorker.java:86)
	at org.testng.TestNG.runSuitesSequentially(TestNG.java:1244)
	at org.testng.TestNG.runSuitesLocally(TestNG.java:1169)
	at org.testng.TestNG.run(TestNG.java:1064)
	at org.testng.remote.AbstractRemoteTestNG.run(AbstractRemoteTestNG.java:115)
	at org.testng.remote.RemoteTestNG.initAndRun(RemoteTestNG.java:251)
	at org.testng.remote.RemoteTestNG.main(RemoteTestNG.java:77)
]]>
    </error>
  </testcase> <!-- XMLParamModifierTest -->
</testsuite> <!-- com.trgr.quality.maf.tests.XMLParamModifierTest -->
