<?xml version="1.0" encoding="UTF-8"?>
<!-- Generated by org.testng.reporters.JUnitReportReporter -->
<testsuite hostname="TR-JDGMXY2" failures="0" tests="5" name="com.trgr.quality.maf.tests.ActionsTest" time="210.311" errors="0" timestamp="2020-12-16T14:31:27 ART" skipped="0">
  <testcase classname="com.trgr.quality.maf.tests.ActionsTest" name="newSearchLinkAndRefreshSearchValidations" time="43.805"/>
  <system-out/>
  <testcase classname="com.trgr.quality.maf.tests.ActionsTest" name="displayOfActionsPageAndCheckForNoResultsMsg" time="17.342"/>
  <system-out/>
  <testcase classname="com.trgr.quality.maf.tests.ActionsTest" name="searchWithInOnSearchResults" time="58.909"/>
  <system-out/>
  <testcase classname="com.trgr.quality.maf.tests.ActionsTest" name="searchUsingAllFieldsOnActionsPage" time="65.908"/>
  <system-out/>
  <testcase classname="com.trgr.quality.maf.tests.ActionsTest" name="actionNewSearchClearbutton" time="24.347"/>
  <system-out/>
</testsuite> <!-- com.trgr.quality.maf.tests.ActionsTest -->
