<?xml version="1.0" encoding="UTF-8"?>
<!-- Generated by org.testng.reporters.JUnitReportReporter -->
<testsuite hostname="TR-JDGMXY2" failures="0" tests="4" name="com.trgr.quality.maf.tests.ObligacionesTest" time="181.973" errors="0" timestamp="2020-12-16T14:31:27 ART" skipped="0">
  <testcase classname="com.trgr.quality.maf.tests.ObligacionesTest" name="displayOfObligationPageAndCheckForNoResultsMsg" time="16.453"/>
  <system-out/>
  <testcase classname="com.trgr.quality.maf.tests.ObligacionesTest" name="searchWithInOnResultSet" time="23.808"/>
  <system-out/>
  <testcase classname="com.trgr.quality.maf.tests.ObligacionesTest" name="checkClearAndModifySearch" time="72.674"/>
  <system-out/>
  <testcase classname="com.trgr.quality.maf.tests.ObligacionesTest" name="checkNewSearchLink" time="69.038"/>
  <system-out/>
</testsuite> <!-- com.trgr.quality.maf.tests.ObligacionesTest -->
